# JRE version: Java(TM) SE Runtime Environment (8.0_66-b18) (build 1.8.0_66-b18)
# Java VM: Java HotSpot(TM) 64-Bit Server VM (25.66-b18 mixed mode windows-amd64 compressed oops)
Heap:
 PSYoungGen      total 735232K, used 88116K [0x000000076ab00000, 0x00000007aa200000, 0x00000007c0000000)
  eden space 509440K, 0% used [0x000000076ab00000,0x000000076ab00000,0x0000000789c80000)
  from space 225792K, 39% used [0x0000000789c80000,0x000000078f28d120,0x0000000797900000)
  to   space 154624K, 0% used [0x0000000797900000,0x0000000797900000,0x00000007a1000000)
 ParOldGen       total 881664K, used 825247K [0x00000006c0000000, 0x00000006f5d00000, 0x000000076ab00000)
  object space 881664K, 93% used [0x00000006c0000000,0x00000006f25e7e38,0x00000006f5d00000)
 Metaspace       used 6657K, capacity 7320K, committed 7680K, reserved 1056768K
  class space    used 627K, capacity 656K, committed 768K, reserved 1048576K
GC Heap History (10 events):
Event: 31.370 GC heap before
{Heap before GC invocations=19 (full 4):
 PSYoungGen      total 627200K, used 563537K [0x000000076ab00000, 0x000000079e780000, 0x00000007c0000000)
  eden space 499712K, 100% used [0x000000076ab00000,0x0000000789300000,0x0000000789300000)
  from space 127488K, 50% used [0x0000000792b00000,0x00000007969546e8,0x000000079a780000)
  to   space 155648K, 0% used [0x0000000789300000,0x0000000789300000,0x0000000792b00000)
 ParOldGen       total 584704K, used 375485K [0x00000006c0000000, 0x00000006e3b00000, 0x000000076ab00000)
  object space 584704K, 64% used [0x00000006c0000000,0x00000006d6eaf608,0x00000006e3b00000)
 Metaspace       used 6655K, capacity 7320K, committed 7680K, reserved 1056768K
  class space    used 627K, capacity 656K, committed 768K, reserved 1048576K
Event: 31.728 GC heap after
Heap after GC invocations=19 (full 4):
 PSYoungGen      total 655360K, used 80478K [0x000000076ab00000, 0x00000007a1000000, 0x00000007c0000000)
  eden space 499712K, 0% used [0x000000076ab00000,0x000000076ab00000,0x0000000789300000)
  from space 155648K, 51% used [0x0000000789300000,0x000000078e197a88,0x0000000792b00000)
  to   space 154624K, 0% used [0x0000000797900000,0x0000000797900000,0x00000007a1000000)
 ParOldGen       total 584704K, used 439830K [0x00000006c0000000, 0x00000006e3b00000, 0x000000076ab00000)
  object space 584704K, 75% used [0x00000006c0000000,0x00000006dad85b20,0x00000006e3b00000)
 Metaspace       used 6655K, capacity 7320K, committed 7680K, reserved 1056768K
  class space    used 627K, capacity 656K, committed 768K, reserved 1048576K
}
Event: 33.859 GC heap before
{Heap before GC invocations=20 (full 4):
 PSYoungGen      total 655360K, used 580190K [0x000000076ab00000, 0x00000007a1000000, 0x00000007c0000000)
  eden space 499712K, 100% used [0x000000076ab00000,0x0000000789300000,0x0000000789300000)
  from space 155648K, 51% used [0x0000000789300000,0x000000078e197a88,0x0000000792b00000)
  to   space 154624K, 0% used [0x0000000797900000,0x0000000797900000,0x00000007a1000000)
 ParOldGen       total 584704K, used 439830K [0x00000006c0000000, 0x00000006e3b00000, 0x000000076ab00000)
  object space 584704K, 75% used [0x00000006c0000000,0x00000006dad85b20,0x00000006e3b00000)
 Metaspace       used 6656K, capacity 7320K, committed 7680K, reserved 1056768K
  class space    used 627K, capacity 656K, committed 768K, reserved 1048576K
Event: 34.225 GC heap after
Heap after GC invocations=20 (full 4):
 PSYoungGen      total 664064K, used 154593K [0x000000076ab00000, 0x00000007aa200000, 0x00000007c0000000)
  eden space 509440K, 0% used [0x000000076ab00000,0x000000076ab00000,0x0000000789c80000)
  from space 154624K, 99% used [0x0000000797900000,0x00000007a0ff8680,0x00000007a1000000)
  to   space 225792K, 0% used [0x0000000789c80000,0x0000000789c80000,0x0000000797900000)
 ParOldGen       total 584704K, used 561588K [0x00000006c0000000, 0x00000006e3b00000, 0x000000076ab00000)
  object space 584704K, 96% used [0x00000006c0000000,0x00000006e246d058,0x00000006e3b00000)
 Metaspace       used 6656K, capacity 7320K, committed 7680K, reserved 1056768K
  class space    used 627K, capacity 656K, committed 768K, reserved 1048576K
}
Event: 34.225 GC heap before
{Heap before GC invocations=21 (full 5):
 PSYoungGen      total 664064K, used 154593K [0x000000076ab00000, 0x00000007aa200000, 0x00000007c0000000)
  eden space 509440K, 0% used [0x000000076ab00000,0x000000076ab00000,0x0000000789c80000)
  from space 154624K, 99% used [0x0000000797900000,0x00000007a0ff8680,0x00000007a1000000)
  to   space 225792K, 0% used [0x0000000789c80000,0x0000000789c80000,0x0000000797900000)
 ParOldGen       total 584704K, used 561588K [0x00000006c0000000, 0x00000006e3b00000, 0x000000076ab00000)
  object space 584704K, 96% used [0x00000006c0000000,0x00000006e246d058,0x00000006e3b00000)
 Metaspace       used 6656K, capacity 7320K, committed 7680K, reserved 1056768K
  class space    used 627K, capacity 656K, committed 768K, reserved 1048576K
Event: 37.781 GC heap after
Heap after GC invocations=21 (full 5):
 PSYoungGen      total 664064K, used 122289K [0x000000076ab00000, 0x00000007aa200000, 0x00000007c0000000)
  eden space 509440K, 0% used [0x000000076ab00000,0x000000076ab00000,0x0000000789c80000)
  from space 154624K, 79% used [0x0000000797900000,0x000000079f06c498,0x00000007a1000000)
  to   space 225792K, 0% used [0x0000000789c80000,0x0000000789c80000,0x0000000797900000)
 ParOldGen       total 881664K, used 584415K [0x00000006c0000000, 0x00000006f5d00000, 0x000000076ab00000)
  object space 881664K, 66% used [0x00000006c0000000,0x00000006e3ab7c68,0x00000006f5d00000)
 Metaspace       used 6656K, capacity 7320K, committed 7680K, reserved 1056768K
  class space    used 627K, capacity 656K, committed 768K, reserved 1048576K
}
Event: 39.570 GC heap before
{Heap before GC invocations=22 (full 5):
 PSYoungGen      total 664064K, used 631729K [0x000000076ab00000, 0x00000007aa200000, 0x00000007c0000000)
  eden space 509440K, 100% used [0x000000076ab00000,0x0000000789c80000,0x0000000789c80000)
  from space 154624K, 79% used [0x0000000797900000,0x000000079f06c498,0x00000007a1000000)
  to   space 225792K, 0% used [0x0000000789c80000,0x0000000789c80000,0x0000000797900000)
 ParOldGen       total 881664K, used 584415K [0x00000006c0000000, 0x00000006f5d00000, 0x000000076ab00000)
  object space 881664K, 66% used [0x00000006c0000000,0x00000006e3ab7c68,0x00000006f5d00000)
 Metaspace       used 6656K, capacity 7320K, committed 7680K, reserved 1056768K
  class space    used 627K, capacity 656K, committed 768K, reserved 1048576K
Event: 40.091 GC heap after
Heap after GC invocations=22 (full 5):
 PSYoungGen      total 735232K, used 197516K [0x000000076ab00000, 0x00000007aa200000, 0x00000007c0000000)
  eden space 509440K, 0% used [0x000000076ab00000,0x000000076ab00000,0x0000000789c80000)
  from space 225792K, 87% used [0x0000000789c80000,0x0000000795d63308,0x0000000797900000)
  to   space 154624K, 0% used [0x0000000797900000,0x0000000797900000,0x00000007a1000000)
 ParOldGen       total 881664K, used 662207K [0x00000006c0000000, 0x00000006f5d00000, 0x000000076ab00000)
  object space 881664K, 75% used [0x00000006c0000000,0x00000006e86affd0,0x00000006f5d00000)
 Metaspace       used 6656K, capacity 7320K, committed 7680K, reserved 1056768K
  class space    used 627K, capacity 656K, committed 768K, reserved 1048576K
}
Event: 41.412 GC heap before
{Heap before GC invocations=23 (full 5):
 PSYoungGen      total 735232K, used 706956K [0x000000076ab00000, 0x00000007aa200000, 0x00000007c0000000)
  eden space 509440K, 100% used [0x000000076ab00000,0x0000000789c80000,0x0000000789c80000)
  from space 225792K, 87% used [0x0000000789c80000,0x0000000795d63308,0x0000000797900000)
  to   space 154624K, 0% used [0x0000000797900000,0x0000000797900000,0x00000007a1000000)
 ParOldGen       total 881664K, used 662207K [0x00000006c0000000, 0x00000006f5d00000, 0x000000076ab00000)
  object space 881664K, 75% used [0x00000006c0000000,0x00000006e86affd0,0x00000006f5d00000)
 Metaspace       used 6656K, capacity 7320K, committed 7680K, reserved 1056768K
  class space    used 627K, capacity 656K, committed 768K, reserved 1048576K
Event: 41.603 GC heap after
Heap after GC invocations=23 (full 5):
 PSYoungGen      total 664064K, used 154620K [0x000000076ab00000, 0x00000007aa200000, 0x00000007c0000000)
  eden space 509440K, 0% used [0x000000076ab00000,0x000000076ab00000,0x0000000789c80000)
  from space 154624K, 99% used [0x0000000797900000,0x00000007a0fff318,0x00000007a1000000)
  to   space 225792K, 0% used [0x0000000789c80000,0x0000000789c80000,0x0000000797900000)
 ParOldGen       total 881664K, used 671476K [0x00000006c0000000, 0x00000006f5d00000, 0x000000076ab00000)
  object space 881664K, 76% used [0x00000006c0000000,0x00000006e8fbd0a8,0x00000006f5d00000)
 Metaspace       used 6656K, capacity 7320K, committed 7680K, reserved 1056768K
  class space    used 627K, capacity 656K, committed 768K, reserved 1048576K
}

