# JRE version: Java(TM) SE Runtime Environment (8.0_66-b18) (build 1.8.0_66-b18)
# Java VM: Java HotSpot(TM) 64-Bit Server VM (25.66-b18 mixed mode windows-amd64 compressed oops)
Heap:
 PSYoungGen      total 815616K, used 672296K [0x000000076ab00000, 0x00000007b0f00000, 0x00000007c0000000)
  eden space 581632K, 79% used [0x000000076ab00000,0x0000000787025f50,0x000000078e300000)
  from space 233984K, 89% used [0x000000078e300000,0x000000079ae64110,0x000000079c780000)
  to   space 263680K, 0% used [0x00000007a0d80000,0x00000007a0d80000,0x00000007b0f00000)
 ParOldGen       total 1020416K, used 685107K [0x00000006c0000000, 0x00000006fe480000, 0x000000076ab00000)
  object space 1020416K, 67% used [0x00000006c0000000,0x00000006e9d0cc58,0x00000006fe480000)
 Metaspace       used 6728K, capacity 7384K, committed 7680K, reserved 1056768K
  class space    used 632K, capacity 656K, committed 768K, reserved 1048576K
GC Heap History (10 events):
Event: 42.188 GC heap before
{Heap before GC invocations=20 (full 4):
 PSYoungGen      total 654336K, used 568697K [0x000000076ab00000, 0x00000007a1680000, 0x00000007c0000000)
  eden space 499712K, 100% used [0x000000076ab00000,0x0000000789300000,0x0000000789300000)
  from space 154624K, 44% used [0x0000000789300000,0x000000078d65e770,0x0000000792a00000)
  to   space 153088K, 0% used [0x0000000798100000,0x0000000798100000,0x00000007a1680000)
 ParOldGen       total 685568K, used 441307K [0x00000006c0000000, 0x00000006e9d80000, 0x000000076ab00000)
  object space 685568K, 64% used [0x00000006c0000000,0x00000006daef6de8,0x00000006e9d80000)
 Metaspace       used 6660K, capacity 7320K, committed 7680K, reserved 1056768K
  class space    used 628K, capacity 656K, committed 768K, reserved 1048576K
Event: 42.823 GC heap after
Heap after GC invocations=20 (full 4):
 PSYoungGen      total 687616K, used 153086K [0x000000076ab00000, 0x00000007a7400000, 0x00000007c0000000)
  eden space 534528K, 0% used [0x000000076ab00000,0x000000076ab00000,0x000000078b500000)
  from space 153088K, 99% used [0x0000000798100000,0x00000007a167f9c8,0x00000007a1680000)
  to   space 208896K, 0% used [0x000000078b500000,0x000000078b500000,0x0000000798100000)
 ParOldGen       total 685568K, used 521779K [0x00000006c0000000, 0x00000006e9d80000, 0x000000076ab00000)
  object space 685568K, 76% used [0x00000006c0000000,0x00000006dfd8cfd0,0x00000006e9d80000)
 Metaspace       used 6660K, capacity 7320K, committed 7680K, reserved 1056768K
  class space    used 628K, capacity 656K, committed 768K, reserved 1048576K
}
Event: 45.207 GC heap before
{Heap before GC invocations=21 (full 4):
 PSYoungGen      total 687616K, used 687614K [0x000000076ab00000, 0x00000007a7400000, 0x00000007c0000000)
  eden space 534528K, 100% used [0x000000076ab00000,0x000000078b500000,0x000000078b500000)
  from space 153088K, 99% used [0x0000000798100000,0x00000007a167f9c8,0x00000007a1680000)
  to   space 208896K, 0% used [0x000000078b500000,0x000000078b500000,0x0000000798100000)
 ParOldGen       total 685568K, used 521779K [0x00000006c0000000, 0x00000006e9d80000, 0x000000076ab00000)
  object space 685568K, 76% used [0x00000006c0000000,0x00000006dfd8cfd0,0x00000006e9d80000)
 Metaspace       used 6660K, capacity 7320K, committed 7680K, reserved 1056768K
  class space    used 628K, capacity 656K, committed 768K, reserved 1048576K
Event: 45.636 GC heap after
Heap after GC invocations=21 (full 4):
 PSYoungGen      total 743424K, used 194125K [0x000000076ab00000, 0x00000007ac180000, 0x00000007c0000000)
  eden space 534528K, 0% used [0x000000076ab00000,0x000000076ab00000,0x000000078b500000)
  from space 208896K, 92% used [0x000000078b500000,0x0000000797293718,0x0000000798100000)
  to   space 239104K, 0% used [0x000000079d800000,0x000000079d800000,0x00000007ac180000)
 ParOldGen       total 685568K, used 663454K [0x00000006c0000000, 0x00000006e9d80000, 0x000000076ab00000)
  object space 685568K, 96% used [0x00000006c0000000,0x00000006e87e7a80,0x00000006e9d80000)
 Metaspace       used 6660K, capacity 7320K, committed 7680K, reserved 1056768K
  class space    used 628K, capacity 656K, committed 768K, reserved 1048576K
}
Event: 45.636 GC heap before
{Heap before GC invocations=22 (full 5):
 PSYoungGen      total 743424K, used 194125K [0x000000076ab00000, 0x00000007ac180000, 0x00000007c0000000)
  eden space 534528K, 0% used [0x000000076ab00000,0x000000076ab00000,0x000000078b500000)
  from space 208896K, 92% used [0x000000078b500000,0x0000000797293718,0x0000000798100000)
  to   space 239104K, 0% used [0x000000079d800000,0x000000079d800000,0x00000007ac180000)
 ParOldGen       total 685568K, used 663454K [0x00000006c0000000, 0x00000006e9d80000, 0x000000076ab00000)
  object space 685568K, 96% used [0x00000006c0000000,0x00000006e87e7a80,0x00000006e9d80000)
 Metaspace       used 6660K, capacity 7320K, committed 7680K, reserved 1056768K
  class space    used 628K, capacity 656K, committed 768K, reserved 1048576K
Event: 51.883 GC heap after
Heap after GC invocations=22 (full 5):
 PSYoungGen      total 743424K, used 46894K [0x000000076ab00000, 0x00000007ac180000, 0x00000007c0000000)
  eden space 534528K, 0% used [0x000000076ab00000,0x000000076ab00000,0x000000078b500000)
  from space 208896K, 22% used [0x000000078b500000,0x000000078e2cbb58,0x0000000798100000)
  to   space 239104K, 0% used [0x000000079d800000,0x000000079d800000,0x00000007ac180000)
 ParOldGen       total 1020416K, used 685107K [0x00000006c0000000, 0x00000006fe480000, 0x000000076ab00000)
  object space 1020416K, 67% used [0x00000006c0000000,0x00000006e9d0cc58,0x00000006fe480000)
 Metaspace       used 6660K, capacity 7320K, committed 7680K, reserved 1056768K
  class space    used 628K, capacity 656K, committed 768K, reserved 1048576K
}
Event: 53.423 GC heap before
{Heap before GC invocations=23 (full 5):
 PSYoungGen      total 743424K, used 581422K [0x000000076ab00000, 0x00000007ac180000, 0x00000007c0000000)
  eden space 534528K, 100% used [0x000000076ab00000,0x000000078b500000,0x000000078b500000)
  from space 208896K, 22% used [0x000000078b500000,0x000000078e2cbb58,0x0000000798100000)
  to   space 239104K, 0% used [0x000000079d800000,0x000000079d800000,0x00000007ac180000)
 ParOldGen       total 1020416K, used 685107K [0x00000006c0000000, 0x00000006fe480000, 0x000000076ab00000)
  object space 1020416K, 67% used [0x00000006c0000000,0x00000006e9d0cc58,0x00000006fe480000)
 Metaspace       used 6660K, capacity 7320K, committed 7680K, reserved 1056768K
  class space    used 628K, capacity 656K, committed 768K, reserved 1048576K
Event: 53.901 GC heap after
Heap after GC invocations=23 (full 5):
 PSYoungGen      total 798720K, used 114778K [0x000000076ab00000, 0x00000007aac00000, 0x00000007c0000000)
  eden space 581632K, 0% used [0x000000076ab00000,0x000000076ab00000,0x000000078e300000)
  from space 217088K, 52% used [0x000000079d800000,0x00000007a48168a8,0x00000007aac00000)
  to   space 233984K, 0% used [0x000000078e300000,0x000000078e300000,0x000000079c780000)
 ParOldGen       total 1020416K, used 685107K [0x00000006c0000000, 0x00000006fe480000, 0x000000076ab00000)
  object space 1020416K, 67% used [0x00000006c0000000,0x00000006e9d0cc58,0x00000006fe480000)
 Metaspace       used 6660K, capacity 7320K, committed 7680K, reserved 1056768K
  class space    used 628K, capacity 656K, committed 768K, reserved 1048576K
}
Event: 85.792 GC heap before
{Heap before GC invocations=24 (full 5):
 PSYoungGen      total 798720K, used 696410K [0x000000076ab00000, 0x00000007aac00000, 0x00000007c0000000)
  eden space 581632K, 100% used [0x000000076ab00000,0x000000078e300000,0x000000078e300000)
  from space 217088K, 52% used [0x000000079d800000,0x00000007a48168a8,0x00000007aac00000)
  to   space 233984K, 0% used [0x000000078e300000,0x000000078e300000,0x000000079c780000)
 ParOldGen       total 1020416K, used 685107K [0x00000006c0000000, 0x00000006fe480000, 0x000000076ab00000)
  object space 1020416K, 67% used [0x00000006c0000000,0x00000006e9d0cc58,0x00000006fe480000)
 Metaspace       used 6661K, capacity 7320K, committed 7680K, reserved 1056768K
  class space    used 628K, capacity 656K, committed 768K, reserved 1048576K
Event: 86.074 GC heap after
Heap after GC invocations=24 (full 5):
 PSYoungGen      total 815616K, used 208272K [0x000000076ab00000, 0x00000007b0f00000, 0x00000007c0000000)
  eden space 581632K, 0% used [0x000000076ab00000,0x000000076ab00000,0x000000078e300000)
  from space 233984K, 89% used [0x000000078e300000,0x000000079ae64110,0x000000079c780000)
  to   space 263680K, 0% used [0x00000007a0d80000,0x00000007a0d80000,0x00000007b0f00000)
 ParOldGen       total 1020416K, used 685107K [0x00000006c0000000, 0x00000006fe480000, 0x000000076ab00000)
  object space 1020416K, 67% used [0x00000006c0000000,0x00000006e9d0cc58,0x00000006fe480000)
 Metaspace       used 6661K, capacity 7320K, committed 7680K, reserved 1056768K
  class space    used 628K, capacity 656K, committed 768K, reserved 1048576K
}

