# JRE version: Java(TM) SE Runtime Environment (8.0_66-b18) (build 1.8.0_66-b18)
# Java VM: Java HotSpot(TM) 64-Bit Server VM (25.66-b18 mixed mode windows-amd64 compressed oops)
Heap:
 PSYoungGen      total 811008K, used 708241K [0x000000076ab00000, 0x00000007b0880000, 0x00000007c0000000)
  eden space 568320K, 95% used [0x000000076ab00000,0x000000078bad2eb0,0x000000078d600000)
  from space 242688K, 69% used [0x000000078d600000,0x00000007979d1868,0x000000079c300000)
  to   space 255488K, 0% used [0x00000007a0f00000,0x00000007a0f00000,0x00000007b0880000)
 ParOldGen       total 997888K, used 673072K [0x00000006c0000000, 0x00000006fce80000, 0x000000076ab00000)
  object space 997888K, 67% used [0x00000006c0000000,0x00000006e914c3f0,0x00000006fce80000)
 Metaspace       used 6743K, capacity 7384K, committed 7680K, reserved 1056768K
  class space    used 631K, capacity 656K, committed 768K, reserved 1048576K
GC Heap History (10 events):
Event: 34.974 GC heap before
{Heap before GC invocations=20 (full 4):
 PSYoungGen      total 645120K, used 560673K [0x000000076ab00000, 0x00000007a0a00000, 0x00000007c0000000)
  eden space 492544K, 100% used [0x000000076ab00000,0x0000000788c00000,0x0000000788c00000)
  from space 152576K, 44% used [0x0000000788c00000,0x000000078ce885d0,0x0000000792100000)
  to   space 151040K, 0% used [0x0000000797680000,0x0000000797680000,0x00000007a0a00000)
 ParOldGen       total 681472K, used 437285K [0x00000006c0000000, 0x00000006e9980000, 0x000000076ab00000)
  object space 681472K, 64% used [0x00000006c0000000,0x00000006dab09668,0x00000006e9980000)
 Metaspace       used 6675K, capacity 7320K, committed 7680K, reserved 1056768K
  class space    used 627K, capacity 656K, committed 768K, reserved 1048576K
Event: 35.421 GC heap after
Heap after GC invocations=20 (full 4):
 PSYoungGen      total 671744K, used 151009K [0x000000076ab00000, 0x00000007a7580000, 0x00000007c0000000)
  eden space 520704K, 0% used [0x000000076ab00000,0x000000076ab00000,0x000000078a780000)
  from space 151040K, 99% used [0x0000000797680000,0x00000007a09f8648,0x00000007a0a00000)
  to   space 211968K, 0% used [0x000000078a780000,0x000000078a780000,0x0000000797680000)
 ParOldGen       total 681472K, used 533610K [0x00000006c0000000, 0x00000006e9980000, 0x000000076ab00000)
  object space 681472K, 78% used [0x00000006c0000000,0x00000006e091aad8,0x00000006e9980000)
 Metaspace       used 6675K, capacity 7320K, committed 7680K, reserved 1056768K
  class space    used 627K, capacity 656K, committed 768K, reserved 1048576K
}
Event: 37.338 GC heap before
{Heap before GC invocations=21 (full 4):
 PSYoungGen      total 671744K, used 671713K [0x000000076ab00000, 0x00000007a7580000, 0x00000007c0000000)
  eden space 520704K, 100% used [0x000000076ab00000,0x000000078a780000,0x000000078a780000)
  from space 151040K, 99% used [0x0000000797680000,0x00000007a09f8648,0x00000007a0a00000)
  to   space 211968K, 0% used [0x000000078a780000,0x000000078a780000,0x0000000797680000)
 ParOldGen       total 681472K, used 533610K [0x00000006c0000000, 0x00000006e9980000, 0x000000076ab00000)
  object space 681472K, 78% used [0x00000006c0000000,0x00000006e091aad8,0x00000006e9980000)
 Metaspace       used 6675K, capacity 7320K, committed 7680K, reserved 1056768K
  class space    used 627K, capacity 656K, committed 768K, reserved 1048576K
Event: 37.665 GC heap after
Heap after GC invocations=21 (full 4):
 PSYoungGen      total 732672K, used 164558K [0x000000076ab00000, 0x00000007aa480000, 0x00000007c0000000)
  eden space 520704K, 0% used [0x000000076ab00000,0x000000076ab00000,0x000000078a780000)
  from space 211968K, 77% used [0x000000078a780000,0x0000000794833b98,0x0000000797680000)
  to   space 230912K, 0% used [0x000000079c300000,0x000000079c300000,0x00000007aa480000)
 ParOldGen       total 681472K, used 638273K [0x00000006c0000000, 0x00000006e9980000, 0x000000076ab00000)
  object space 681472K, 93% used [0x00000006c0000000,0x00000006e6f50620,0x00000006e9980000)
 Metaspace       used 6675K, capacity 7320K, committed 7680K, reserved 1056768K
  class space    used 627K, capacity 656K, committed 768K, reserved 1048576K
}
Event: 37.665 GC heap before
{Heap before GC invocations=22 (full 5):
 PSYoungGen      total 732672K, used 164558K [0x000000076ab00000, 0x00000007aa480000, 0x00000007c0000000)
  eden space 520704K, 0% used [0x000000076ab00000,0x000000076ab00000,0x000000078a780000)
  from space 211968K, 77% used [0x000000078a780000,0x0000000794833b98,0x0000000797680000)
  to   space 230912K, 0% used [0x000000079c300000,0x000000079c300000,0x00000007aa480000)
 ParOldGen       total 681472K, used 638273K [0x00000006c0000000, 0x00000006e9980000, 0x000000076ab00000)
  object space 681472K, 93% used [0x00000006c0000000,0x00000006e6f50620,0x00000006e9980000)
 Metaspace       used 6675K, capacity 7320K, committed 7680K, reserved 1056768K
  class space    used 627K, capacity 656K, committed 768K, reserved 1048576K
Event: 40.041 GC heap after
Heap after GC invocations=22 (full 5):
 PSYoungGen      total 732672K, used 0K [0x000000076ab00000, 0x00000007aa480000, 0x00000007c0000000)
  eden space 520704K, 0% used [0x000000076ab00000,0x000000076ab00000,0x000000078a780000)
  from space 211968K, 0% used [0x000000078a780000,0x000000078a780000,0x0000000797680000)
  to   space 230912K, 0% used [0x000000079c300000,0x000000079c300000,0x00000007aa480000)
 ParOldGen       total 997888K, used 673072K [0x00000006c0000000, 0x00000006fce80000, 0x000000076ab00000)
  object space 997888K, 67% used [0x00000006c0000000,0x00000006e914c3f0,0x00000006fce80000)
 Metaspace       used 6675K, capacity 7320K, committed 7680K, reserved 1056768K
  class space    used 627K, capacity 656K, committed 768K, reserved 1048576K
}
Event: 41.325 GC heap before
{Heap before GC invocations=23 (full 5):
 PSYoungGen      total 732672K, used 520704K [0x000000076ab00000, 0x00000007aa480000, 0x00000007c0000000)
  eden space 520704K, 100% used [0x000000076ab00000,0x000000078a780000,0x000000078a780000)
  from space 211968K, 0% used [0x000000078a780000,0x000000078a780000,0x0000000797680000)
  to   space 230912K, 0% used [0x000000079c300000,0x000000079c300000,0x00000007aa480000)
 ParOldGen       total 997888K, used 673072K [0x00000006c0000000, 0x00000006fce80000, 0x000000076ab00000)
  object space 997888K, 67% used [0x00000006c0000000,0x00000006e914c3f0,0x00000006fce80000)
 Metaspace       used 6675K, capacity 7320K, committed 7680K, reserved 1056768K
  class space    used 627K, capacity 656K, committed 768K, reserved 1048576K
Event: 41.460 GC heap after
Heap after GC invocations=23 (full 5):
 PSYoungGen      total 799232K, used 155950K [0x000000076ab00000, 0x00000007ab300000, 0x00000007c0000000)
  eden space 568320K, 0% used [0x000000076ab00000,0x000000076ab00000,0x000000078d600000)
  from space 230912K, 67% used [0x000000079c300000,0x00000007a5b4bb70,0x00000007aa480000)
  to   space 242688K, 0% used [0x000000078d600000,0x000000078d600000,0x000000079c300000)
 ParOldGen       total 997888K, used 673072K [0x00000006c0000000, 0x00000006fce80000, 0x000000076ab00000)
  object space 997888K, 67% used [0x00000006c0000000,0x00000006e914c3f0,0x00000006fce80000)
 Metaspace       used 6675K, capacity 7320K, committed 7680K, reserved 1056768K
  class space    used 627K, capacity 656K, committed 768K, reserved 1048576K
}
Event: 42.595 GC heap before
{Heap before GC invocations=24 (full 5):
 PSYoungGen      total 799232K, used 724270K [0x000000076ab00000, 0x00000007ab300000, 0x00000007c0000000)
  eden space 568320K, 100% used [0x000000076ab00000,0x000000078d600000,0x000000078d600000)
  from space 230912K, 67% used [0x000000079c300000,0x00000007a5b4bb70,0x00000007aa480000)
  to   space 242688K, 0% used [0x000000078d600000,0x000000078d600000,0x000000079c300000)
 ParOldGen       total 997888K, used 673072K [0x00000006c0000000, 0x00000006fce80000, 0x000000076ab00000)
  object space 997888K, 67% used [0x00000006c0000000,0x00000006e914c3f0,0x00000006fce80000)
 Metaspace       used 6676K, capacity 7320K, committed 7680K, reserved 1056768K
  class space    used 627K, capacity 656K, committed 768K, reserved 1048576K
Event: 42.842 GC heap after
Heap after GC invocations=24 (full 5):
 PSYoungGen      total 811008K, used 167750K [0x000000076ab00000, 0x00000007b0880000, 0x00000007c0000000)
  eden space 568320K, 0% used [0x000000076ab00000,0x000000076ab00000,0x000000078d600000)
  from space 242688K, 69% used [0x000000078d600000,0x00000007979d1868,0x000000079c300000)
  to   space 255488K, 0% used [0x00000007a0f00000,0x00000007a0f00000,0x00000007b0880000)
 ParOldGen       total 997888K, used 673072K [0x00000006c0000000, 0x00000006fce80000, 0x000000076ab00000)
  object space 997888K, 67% used [0x00000006c0000000,0x00000006e914c3f0,0x00000006fce80000)
 Metaspace       used 6676K, capacity 7320K, committed 7680K, reserved 1056768K
  class space    used 627K, capacity 656K, committed 768K, reserved 1048576K
}

