# JRE version: Java(TM) SE Runtime Environment (8.0_66-b18) (build 1.8.0_66-b18)
# Java VM: Java HotSpot(TM) 64-Bit Server VM (25.66-b18 mixed mode windows-amd64 compressed oops)
Heap:
 PSYoungGen      total 916992K, used 876190K [0x000000076ab00000, 0x00000007b4980000, 0x00000007c0000000)
  eden space 699904K, 100% used [0x000000076ab00000,0x0000000795680000,0x0000000795680000)
  from space 217088K, 81% used [0x00000007a3f00000,0x00000007aeb27998,0x00000007b1300000)
  to   space 238080K, 15% used [0x0000000795680000,0x0000000797b99388,0x00000007a3f00000)
 ParOldGen       total 817664K, used 552736K [0x00000006c0000000, 0x00000006f1e80000, 0x000000076ab00000)
  object space 817664K, 67% used [0x00000006c0000000,0x00000006e1bc81d0,0x00000006f1e80000)
 Metaspace       used 6767K, capacity 7384K, committed 7680K, reserved 1056768K
  class space    used 633K, capacity 656K, committed 768K, reserved 1048576K
GC Heap History (10 events):
Event: 49.719 GC heap after
Heap after GC invocations=19 (full 4):
 PSYoungGen      total 724992K, used 149986K [0x000000076ab00000, 0x00000007ab500000, 0x00000007c0000000)
  eden space 574976K, 0% used [0x000000076ab00000,0x000000076ab00000,0x000000078dc80000)
  from space 150016K, 99% used [0x000000078dc80000,0x0000000796ef8818,0x0000000796f00000)
  to   space 202240K, 0% used [0x000000079ef80000,0x000000079ef80000,0x00000007ab500000)
 ParOldGen       total 552960K, used 422645K [0x00000006c0000000, 0x00000006e1c00000, 0x000000076ab00000)
  object space 552960K, 76% used [0x00000006c0000000,0x00000006d9cbd588,0x00000006e1c00000)
 Metaspace       used 6662K, capacity 7320K, committed 7680K, reserved 1056768K
  class space    used 627K, capacity 656K, committed 768K, reserved 1048576K
}
Event: 50.827 GC heap before
{Heap before GC invocations=20 (full 4):
 PSYoungGen      total 724992K, used 724962K [0x000000076ab00000, 0x00000007ab500000, 0x00000007c0000000)
  eden space 574976K, 100% used [0x000000076ab00000,0x000000078dc80000,0x000000078dc80000)
  from space 150016K, 99% used [0x000000078dc80000,0x0000000796ef8818,0x0000000796f00000)
  to   space 202240K, 0% used [0x000000079ef80000,0x000000079ef80000,0x00000007ab500000)
 ParOldGen       total 552960K, used 422645K [0x00000006c0000000, 0x00000006e1c00000, 0x000000076ab00000)
  object space 552960K, 76% used [0x00000006c0000000,0x00000006d9cbd588,0x00000006e1c00000)
 Metaspace       used 6662K, capacity 7320K, committed 7680K, reserved 1056768K
  class space    used 627K, capacity 656K, committed 768K, reserved 1048576K
Event: 51.212 GC heap after
Heap after GC invocations=20 (full 4):
 PSYoungGen      total 856576K, used 106035K [0x000000076ab00000, 0x00000007acf00000, 0x00000007c0000000)
  eden space 654336K, 0% used [0x000000076ab00000,0x000000076ab00000,0x0000000792a00000)
  from space 202240K, 52% used [0x000000079ef80000,0x00000007a570ce58,0x00000007ab500000)
  to   space 202240K, 0% used [0x0000000792a00000,0x0000000792a00000,0x000000079ef80000)
 ParOldGen       total 552960K, used 504059K [0x00000006c0000000, 0x00000006e1c00000, 0x000000076ab00000)
  object space 552960K, 91% used [0x00000006c0000000,0x00000006dec3ed38,0x00000006e1c00000)
 Metaspace       used 6662K, capacity 7320K, committed 7680K, reserved 1056768K
  class space    used 627K, capacity 656K, committed 768K, reserved 1048576K
}
Event: 51.212 GC heap before
{Heap before GC invocations=21 (full 5):
 PSYoungGen      total 856576K, used 106035K [0x000000076ab00000, 0x00000007acf00000, 0x00000007c0000000)
  eden space 654336K, 0% used [0x000000076ab00000,0x000000076ab00000,0x0000000792a00000)
  from space 202240K, 52% used [0x000000079ef80000,0x00000007a570ce58,0x00000007ab500000)
  to   space 202240K, 0% used [0x0000000792a00000,0x0000000792a00000,0x000000079ef80000)
 ParOldGen       total 552960K, used 504059K [0x00000006c0000000, 0x00000006e1c00000, 0x000000076ab00000)
  object space 552960K, 91% used [0x00000006c0000000,0x00000006dec3ed38,0x00000006e1c00000)
 Metaspace       used 6662K, capacity 7320K, committed 7680K, reserved 1056768K
  class space    used 627K, capacity 656K, committed 768K, reserved 1048576K
Event: 58.342 GC heap after
Heap after GC invocations=21 (full 5):
 PSYoungGen      total 856576K, used 41092K [0x000000076ab00000, 0x00000007acf00000, 0x00000007c0000000)
  eden space 654336K, 0% used [0x000000076ab00000,0x000000076ab00000,0x0000000792a00000)
  from space 202240K, 20% used [0x000000079ef80000,0x00000007a17a1148,0x00000007ab500000)
  to   space 202240K, 0% used [0x0000000792a00000,0x0000000792a00000,0x000000079ef80000)
 ParOldGen       total 817664K, used 552736K [0x00000006c0000000, 0x00000006f1e80000, 0x000000076ab00000)
  object space 817664K, 67% used [0x00000006c0000000,0x00000006e1bc81d0,0x00000006f1e80000)
 Metaspace       used 6662K, capacity 7320K, committed 7680K, reserved 1056768K
  class space    used 627K, capacity 656K, committed 768K, reserved 1048576K
}
Event: 60.996 GC heap before
{Heap before GC invocations=22 (full 5):
 PSYoungGen      total 856576K, used 695428K [0x000000076ab00000, 0x00000007acf00000, 0x00000007c0000000)
  eden space 654336K, 100% used [0x000000076ab00000,0x0000000792a00000,0x0000000792a00000)
  from space 202240K, 20% used [0x000000079ef80000,0x00000007a17a1148,0x00000007ab500000)
  to   space 202240K, 0% used [0x0000000792a00000,0x0000000792a00000,0x000000079ef80000)
 ParOldGen       total 817664K, used 552736K [0x00000006c0000000, 0x00000006f1e80000, 0x000000076ab00000)
  object space 817664K, 67% used [0x00000006c0000000,0x00000006e1bc81d0,0x00000006f1e80000)
 Metaspace       used 6662K, capacity 7320K, committed 7680K, reserved 1056768K
  class space    used 627K, capacity 656K, committed 768K, reserved 1048576K
Event: 61.514 GC heap after
Heap after GC invocations=22 (full 5):
 PSYoungGen      total 856576K, used 149607K [0x000000076ab00000, 0x00000007b1300000, 0x00000007c0000000)
  eden space 654336K, 0% used [0x000000076ab00000,0x000000076ab00000,0x0000000792a00000)
  from space 202240K, 73% used [0x0000000792a00000,0x000000079bc19d70,0x000000079ef80000)
  to   space 217088K, 0% used [0x00000007a3f00000,0x00000007a3f00000,0x00000007b1300000)
 ParOldGen       total 817664K, used 552736K [0x00000006c0000000, 0x00000006f1e80000, 0x000000076ab00000)
  object space 817664K, 67% used [0x00000006c0000000,0x00000006e1bc81d0,0x00000006f1e80000)
 Metaspace       used 6662K, capacity 7320K, committed 7680K, reserved 1056768K
  class space    used 627K, capacity 656K, committed 768K, reserved 1048576K
}
Event: 64.781 GC heap before
{Heap before GC invocations=23 (full 5):
 PSYoungGen      total 856576K, used 803943K [0x000000076ab00000, 0x00000007b1300000, 0x00000007c0000000)
  eden space 654336K, 100% used [0x000000076ab00000,0x0000000792a00000,0x0000000792a00000)
  from space 202240K, 73% used [0x0000000792a00000,0x000000079bc19d70,0x000000079ef80000)
  to   space 217088K, 0% used [0x00000007a3f00000,0x00000007a3f00000,0x00000007b1300000)
 ParOldGen       total 817664K, used 552736K [0x00000006c0000000, 0x00000006f1e80000, 0x000000076ab00000)
  object space 817664K, 67% used [0x00000006c0000000,0x00000006e1bc81d0,0x00000006f1e80000)
 Metaspace       used 6663K, capacity 7320K, committed 7680K, reserved 1056768K
  class space    used 627K, capacity 656K, committed 768K, reserved 1048576K
Event: 65.818 GC heap after
Heap after GC invocations=23 (full 5):
 PSYoungGen      total 916992K, used 176286K [0x000000076ab00000, 0x00000007b4980000, 0x00000007c0000000)
  eden space 699904K, 0% used [0x000000076ab00000,0x000000076ab00000,0x0000000795680000)
  from space 217088K, 81% used [0x00000007a3f00000,0x00000007aeb27998,0x00000007b1300000)
  to   space 238080K, 0% used [0x0000000795680000,0x0000000795680000,0x00000007a3f00000)
 ParOldGen       total 817664K, used 552736K [0x00000006c0000000, 0x00000006f1e80000, 0x000000076ab00000)
  object space 817664K, 67% used [0x00000006c0000000,0x00000006e1bc81d0,0x00000006f1e80000)
 Metaspace       used 6663K, capacity 7320K, committed 7680K, reserved 1056768K
  class space    used 627K, capacity 656K, committed 768K, reserved 1048576K
}
Event: 68.418 GC heap before
{Heap before GC invocations=24 (full 5):
 PSYoungGen      total 916992K, used 876190K [0x000000076ab00000, 0x00000007b4980000, 0x00000007c0000000)
  eden space 699904K, 100% used [0x000000076ab00000,0x0000000795680000,0x0000000795680000)
  from space 217088K, 81% used [0x00000007a3f00000,0x00000007aeb27998,0x00000007b1300000)
  to   space 238080K, 0% used [0x0000000795680000,0x0000000795680000,0x00000007a3f00000)
 ParOldGen       total 817664K, used 552736K [0x00000006c0000000, 0x00000006f1e80000, 0x000000076ab00000)
  object space 817664K, 67% used [0x00000006c0000000,0x00000006e1bc81d0,0x00000006f1e80000)
 Metaspace       used 6767K, capacity 7384K, committed 7680K, reserved 1056768K
  class space    used 633K, capacity 656K, committed 768K, reserved 1048576K

