# JRE version: Java(TM) SE Runtime Environment (8.0_66-b18) (build 1.8.0_66-b18)
# Java VM: Java HotSpot(TM) 64-Bit Server VM (25.66-b18 mixed mode windows-amd64 compressed oops)
Heap:
 PSYoungGen      total 828928K, used 595993K [0x000000076ab00000, 0x00000007b5000000, 0x00000007c0000000)
  eden space 590848K, 60% used [0x000000076ab00000,0x0000000780889c20,0x000000078ec00000)
  from space 238080K, 99% used [0x00000007a0080000,0x00000007ae8fc980,0x00000007ae900000)
  to   space 283136K, 0% used [0x000000078ec00000,0x000000078ec00000,0x00000007a0080000)
 ParOldGen       total 1013248K, used 698179K [0x00000006c0000000, 0x00000006fdd80000, 0x000000076ab00000)
  object space 1013248K, 68% used [0x00000006c0000000,0x00000006ea9d0d18,0x00000006fdd80000)
 Metaspace       used 7042K, capacity 7608K, committed 7936K, reserved 1056768K
  class space    used 648K, capacity 688K, committed 768K, reserved 1048576K
GC Heap History (10 events):
Event: 39.255 GC heap before
{Heap before GC invocations=21 (full 4):
 PSYoungGen      total 674816K, used 674786K [0x000000076ab00000, 0x00000007a8a80000, 0x00000007c0000000)
  eden space 521216K, 100% used [0x000000076ab00000,0x000000078a800000,0x000000078a800000)
  from space 153600K, 99% used [0x0000000798100000,0x00000007a16f8a98,0x00000007a1700000)
  to   space 222208K, 0% used [0x000000078a800000,0x000000078a800000,0x0000000798100000)
 ParOldGen       total 686592K, used 556676K [0x00000006c0000000, 0x00000006e9e80000, 0x000000076ab00000)
  object space 686592K, 81% used [0x00000006c0000000,0x00000006e1fa11d0,0x00000006e9e80000)
 Metaspace       used 6697K, capacity 7320K, committed 7680K, reserved 1056768K
  class space    used 630K, capacity 656K, committed 768K, reserved 1048576K
Event: 39.593 GC heap after
Heap after GC invocations=21 (full 4):
 PSYoungGen      total 743424K, used 150621K [0x000000076ab00000, 0x00000007aa800000, 0x00000007c0000000)
  eden space 521216K, 0% used [0x000000076ab00000,0x000000076ab00000,0x000000078a800000)
  from space 222208K, 67% used [0x000000078a800000,0x0000000793b17710,0x0000000798100000)
  to   space 234496K, 0% used [0x000000079c300000,0x000000079c300000,0x00000007aa800000)
 ParOldGen       total 686592K, used 658873K [0x00000006c0000000, 0x00000006e9e80000, 0x000000076ab00000)
  object space 686592K, 95% used [0x00000006c0000000,0x00000006e836e478,0x00000006e9e80000)
 Metaspace       used 6697K, capacity 7320K, committed 7680K, reserved 1056768K
  class space    used 630K, capacity 656K, committed 768K, reserved 1048576K
}
Event: 39.593 GC heap before
{Heap before GC invocations=22 (full 5):
 PSYoungGen      total 743424K, used 150621K [0x000000076ab00000, 0x00000007aa800000, 0x00000007c0000000)
  eden space 521216K, 0% used [0x000000076ab00000,0x000000076ab00000,0x000000078a800000)
  from space 222208K, 67% used [0x000000078a800000,0x0000000793b17710,0x0000000798100000)
  to   space 234496K, 0% used [0x000000079c300000,0x000000079c300000,0x00000007aa800000)
 ParOldGen       total 686592K, used 658873K [0x00000006c0000000, 0x00000006e9e80000, 0x000000076ab00000)
  object space 686592K, 95% used [0x00000006c0000000,0x00000006e836e478,0x00000006e9e80000)
 Metaspace       used 6697K, capacity 7320K, committed 7680K, reserved 1056768K
  class space    used 630K, capacity 656K, committed 768K, reserved 1048576K
Event: 42.116 GC heap after
Heap after GC invocations=22 (full 5):
 PSYoungGen      total 743424K, used 0K [0x000000076ab00000, 0x00000007aa800000, 0x00000007c0000000)
  eden space 521216K, 0% used [0x000000076ab00000,0x000000076ab00000,0x000000078a800000)
  from space 222208K, 0% used [0x000000078a800000,0x000000078a800000,0x0000000798100000)
  to   space 234496K, 0% used [0x000000079c300000,0x000000079c300000,0x00000007aa800000)
 ParOldGen       total 1013248K, used 680707K [0x00000006c0000000, 0x00000006fdd80000, 0x000000076ab00000)
  object space 1013248K, 67% used [0x00000006c0000000,0x00000006e98c0e18,0x00000006fdd80000)
 Metaspace       used 6697K, capacity 7320K, committed 7680K, reserved 1056768K
  class space    used 630K, capacity 656K, committed 768K, reserved 1048576K
}
Event: 44.427 GC heap before
{Heap before GC invocations=23 (full 5):
 PSYoungGen      total 743424K, used 521216K [0x000000076ab00000, 0x00000007aa800000, 0x00000007c0000000)
  eden space 521216K, 100% used [0x000000076ab00000,0x000000078a800000,0x000000078a800000)
  from space 222208K, 0% used [0x000000078a800000,0x000000078a800000,0x0000000798100000)
  to   space 234496K, 0% used [0x000000079c300000,0x000000079c300000,0x00000007aa800000)
 ParOldGen       total 1013248K, used 680707K [0x00000006c0000000, 0x00000006fdd80000, 0x000000076ab00000)
  object space 1013248K, 67% used [0x00000006c0000000,0x00000006e98c0e18,0x00000006fdd80000)
 Metaspace       used 6697K, capacity 7320K, committed 7680K, reserved 1056768K
  class space    used 630K, capacity 656K, committed 768K, reserved 1048576K
Event: 44.779 GC heap after
Heap after GC invocations=23 (full 5):
 PSYoungGen      total 771072K, used 84593K [0x000000076ab00000, 0x00000007a8600000, 0x00000007c0000000)
  eden space 571392K, 0% used [0x000000076ab00000,0x000000076ab00000,0x000000078d900000)
  from space 199680K, 42% used [0x000000079c300000,0x00000007a159c4c8,0x00000007a8600000)
  to   space 219648K, 0% used [0x000000078d900000,0x000000078d900000,0x000000079af80000)
 ParOldGen       total 1013248K, used 680707K [0x00000006c0000000, 0x00000006fdd80000, 0x000000076ab00000)
  object space 1013248K, 67% used [0x00000006c0000000,0x00000006e98c0e18,0x00000006fdd80000)
 Metaspace       used 6697K, capacity 7320K, committed 7680K, reserved 1056768K
  class space    used 630K, capacity 656K, committed 768K, reserved 1048576K
}
Event: 45.809 GC heap before
{Heap before GC invocations=24 (full 5):
 PSYoungGen      total 771072K, used 655985K [0x000000076ab00000, 0x00000007a8600000, 0x00000007c0000000)
  eden space 571392K, 100% used [0x000000076ab00000,0x000000078d900000,0x000000078d900000)
  from space 199680K, 42% used [0x000000079c300000,0x00000007a159c4c8,0x00000007a8600000)
  to   space 219648K, 0% used [0x000000078d900000,0x000000078d900000,0x000000079af80000)
 ParOldGen       total 1013248K, used 680707K [0x00000006c0000000, 0x00000006fdd80000, 0x000000076ab00000)
  object space 1013248K, 67% used [0x00000006c0000000,0x00000006e98c0e18,0x00000006fdd80000)
 Metaspace       used 6698K, capacity 7320K, committed 7680K, reserved 1056768K
  class space    used 630K, capacity 656K, committed 768K, reserved 1048576K
Event: 46.051 GC heap after
Heap after GC invocations=24 (full 5):
 PSYoungGen      total 791040K, used 171138K [0x000000076ab00000, 0x00000007ae900000, 0x00000007c0000000)
  eden space 571392K, 0% used [0x000000076ab00000,0x000000076ab00000,0x000000078d900000)
  from space 219648K, 77% used [0x000000078d900000,0x0000000798020a88,0x000000079af80000)
  to   space 238080K, 0% used [0x00000007a0080000,0x00000007a0080000,0x00000007ae900000)
 ParOldGen       total 1013248K, used 680707K [0x00000006c0000000, 0x00000006fdd80000, 0x000000076ab00000)
  object space 1013248K, 67% used [0x00000006c0000000,0x00000006e98c0e18,0x00000006fdd80000)
 Metaspace       used 6698K, capacity 7320K, committed 7680K, reserved 1056768K
  class space    used 630K, capacity 656K, committed 768K, reserved 1048576K
}
Event: 47.094 GC heap before
{Heap before GC invocations=25 (full 5):
 PSYoungGen      total 791040K, used 742530K [0x000000076ab00000, 0x00000007ae900000, 0x00000007c0000000)
  eden space 571392K, 100% used [0x000000076ab00000,0x000000078d900000,0x000000078d900000)
  from space 219648K, 77% used [0x000000078d900000,0x0000000798020a88,0x000000079af80000)
  to   space 238080K, 0% used [0x00000007a0080000,0x00000007a0080000,0x00000007ae900000)
 ParOldGen       total 1013248K, used 680819K [0x00000006c0000000, 0x00000006fdd80000, 0x000000076ab00000)
  object space 1013248K, 67% used [0x00000006c0000000,0x00000006e98dcd78,0x00000006fdd80000)
 Metaspace       used 6752K, capacity 7384K, committed 7680K, reserved 1056768K
  class space    used 634K, capacity 656K, committed 768K, reserved 1048576K
Event: 47.520 GC heap after
Heap after GC invocations=25 (full 5):
 PSYoungGen      total 828928K, used 238066K [0x000000076ab00000, 0x00000007b5000000, 0x00000007c0000000)
  eden space 590848K, 0% used [0x000000076ab00000,0x000000076ab00000,0x000000078ec00000)
  from space 238080K, 99% used [0x00000007a0080000,0x00000007ae8fc980,0x00000007ae900000)
  to   space 283136K, 0% used [0x000000078ec00000,0x000000078ec00000,0x00000007a0080000)
 ParOldGen       total 1013248K, used 698179K [0x00000006c0000000, 0x00000006fdd80000, 0x000000076ab00000)
  object space 1013248K, 68% used [0x00000006c0000000,0x00000006ea9d0d18,0x00000006fdd80000)
 Metaspace       used 6752K, capacity 7384K, committed 7680K, reserved 1056768K
  class space    used 634K, capacity 656K, committed 768K, reserved 1048576K
}

