# JRE version: Java(TM) SE Runtime Environment (8.0_66-b18) (build 1.8.0_66-b18)
# Java VM: Java HotSpot(TM) 64-Bit Server VM (25.66-b18 mixed mode windows-amd64 compressed oops)
Heap:
 PSYoungGen      total 847872K, used 527184K [0x000000076ab00000, 0x00000007b4600000, 0x00000007c0000000)
  eden space 566784K, 56% used [0x000000076ab00000,0x000000077e2cf1c0,0x000000078d480000)
  from space 281088K, 73% used [0x000000078d480000,0x0000000799f84fb0,0x000000079e700000)
  to   space 301568K, 0% used [0x00000007a1f80000,0x00000007a1f80000,0x00000007b4600000)
 ParOldGen       total 899584K, used 736611K [0x00000006c0000000, 0x00000006f6e80000, 0x000000076ab00000)
  object space 899584K, 81% used [0x00000006c0000000,0x00000006ecf58c58,0x00000006f6e80000)
 Metaspace       used 6735K, capacity 7384K, committed 7680K, reserved 1056768K
  class space    used 631K, capacity 656K, committed 768K, reserved 1048576K
GC Heap History (10 events):
Event: 31.324 GC heap before
{Heap before GC invocations=20 (full 4):
 PSYoungGen      total 679936K, used 679933K [0x000000076ab00000, 0x00000007a5980000, 0x00000007c0000000)
  eden space 544768K, 100% used [0x000000076ab00000,0x000000078bf00000,0x000000078bf00000)
  from space 135168K, 99% used [0x000000078bf00000,0x00000007942ff5f0,0x0000000794300000)
  to   space 169984K, 0% used [0x000000079b380000,0x000000079b380000,0x00000007a5980000)
 ParOldGen       total 571904K, used 394828K [0x00000006c0000000, 0x00000006e2e80000, 0x000000076ab00000)
  object space 571904K, 69% used [0x00000006c0000000,0x00000006d81930b0,0x00000006e2e80000)
 Metaspace       used 6659K, capacity 7320K, committed 7680K, reserved 1056768K
  class space    used 627K, capacity 656K, committed 768K, reserved 1048576K
Event: 31.816 GC heap after
Heap after GC invocations=20 (full 4):
 PSYoungGen      total 694272K, used 169961K [0x000000076ab00000, 0x00000007b2b00000, 0x00000007c0000000)
  eden space 524288K, 0% used [0x000000076ab00000,0x000000076ab00000,0x000000078ab00000)
  from space 169984K, 99% used [0x000000079b380000,0x00000007a597a5f8,0x00000007a5980000)
  to   space 270848K, 0% used [0x000000078ab00000,0x000000078ab00000,0x000000079b380000)
 ParOldGen       total 588800K, used 588480K [0x00000006c0000000, 0x00000006e3f00000, 0x000000076ab00000)
  object space 588800K, 99% used [0x00000006c0000000,0x00000006e3eb0220,0x00000006e3f00000)
 Metaspace       used 6659K, capacity 7320K, committed 7680K, reserved 1056768K
  class space    used 627K, capacity 656K, committed 768K, reserved 1048576K
}
Event: 31.816 GC heap before
{Heap before GC invocations=21 (full 5):
 PSYoungGen      total 694272K, used 169961K [0x000000076ab00000, 0x00000007b2b00000, 0x00000007c0000000)
  eden space 524288K, 0% used [0x000000076ab00000,0x000000076ab00000,0x000000078ab00000)
  from space 169984K, 99% used [0x000000079b380000,0x00000007a597a5f8,0x00000007a5980000)
  to   space 270848K, 0% used [0x000000078ab00000,0x000000078ab00000,0x000000079b380000)
 ParOldGen       total 588800K, used 588480K [0x00000006c0000000, 0x00000006e3f00000, 0x000000076ab00000)
  object space 588800K, 99% used [0x00000006c0000000,0x00000006e3eb0220,0x00000006e3f00000)
 Metaspace       used 6659K, capacity 7320K, committed 7680K, reserved 1056768K
  class space    used 627K, capacity 656K, committed 768K, reserved 1048576K
Event: 36.860 GC heap after
Heap after GC invocations=21 (full 5):
 PSYoungGen      total 694272K, used 160670K [0x000000076ab00000, 0x00000007b2b00000, 0x00000007c0000000)
  eden space 524288K, 0% used [0x000000076ab00000,0x000000076ab00000,0x000000078ab00000)
  from space 169984K, 94% used [0x000000079b380000,0x00000007a5067aa0,0x00000007a5980000)
  to   space 270848K, 0% used [0x000000078ab00000,0x000000078ab00000,0x000000079b380000)
 ParOldGen       total 899584K, used 588732K [0x00000006c0000000, 0x00000006f6e80000, 0x000000076ab00000)
  object space 899584K, 65% used [0x00000006c0000000,0x00000006e3eef310,0x00000006f6e80000)
 Metaspace       used 6659K, capacity 7320K, committed 7680K, reserved 1056768K
  class space    used 627K, capacity 656K, committed 768K, reserved 1048576K
}
Event: 39.278 GC heap before
{Heap before GC invocations=22 (full 5):
 PSYoungGen      total 694272K, used 684958K [0x000000076ab00000, 0x00000007b2b00000, 0x00000007c0000000)
  eden space 524288K, 100% used [0x000000076ab00000,0x000000078ab00000,0x000000078ab00000)
  from space 169984K, 94% used [0x000000079b380000,0x00000007a5067aa0,0x00000007a5980000)
  to   space 270848K, 0% used [0x000000078ab00000,0x000000078ab00000,0x000000079b380000)
 ParOldGen       total 899584K, used 588732K [0x00000006c0000000, 0x00000006f6e80000, 0x000000076ab00000)
  object space 899584K, 65% used [0x00000006c0000000,0x00000006e3eef310,0x00000006f6e80000)
 Metaspace       used 6659K, capacity 7320K, committed 7680K, reserved 1056768K
  class space    used 627K, capacity 656K, committed 768K, reserved 1048576K
Event: 39.909 GC heap after
Heap after GC invocations=22 (full 5):
 PSYoungGen      total 795136K, used 208098K [0x000000076ab00000, 0x00000007b1f00000, 0x00000007c0000000)
  eden space 524288K, 0% used [0x000000076ab00000,0x000000076ab00000,0x000000078ab00000)
  from space 270848K, 76% used [0x000000078ab00000,0x0000000797638ac0,0x000000079b380000)
  to   space 295424K, 0% used [0x000000079fe80000,0x000000079fe80000,0x00000007b1f00000)
 ParOldGen       total 899584K, used 736611K [0x00000006c0000000, 0x00000006f6e80000, 0x000000076ab00000)
  object space 899584K, 81% used [0x00000006c0000000,0x00000006ecf58c58,0x00000006f6e80000)
 Metaspace       used 6659K, capacity 7320K, committed 7680K, reserved 1056768K
  class space    used 627K, capacity 656K, committed 768K, reserved 1048576K
}
Event: 71.194 GC heap before
{Heap before GC invocations=23 (full 5):
 PSYoungGen      total 795136K, used 732386K [0x000000076ab00000, 0x00000007b1f00000, 0x00000007c0000000)
  eden space 524288K, 100% used [0x000000076ab00000,0x000000078ab00000,0x000000078ab00000)
  from space 270848K, 76% used [0x000000078ab00000,0x0000000797638ac0,0x000000079b380000)
  to   space 295424K, 0% used [0x000000079fe80000,0x000000079fe80000,0x00000007b1f00000)
 ParOldGen       total 899584K, used 736611K [0x00000006c0000000, 0x00000006f6e80000, 0x000000076ab00000)
  object space 899584K, 81% used [0x00000006c0000000,0x00000006ecf58c58,0x00000006f6e80000)
 Metaspace       used 6659K, capacity 7320K, committed 7680K, reserved 1056768K
  class space    used 627K, capacity 656K, committed 768K, reserved 1048576K
Event: 71.400 GC heap after
Heap after GC invocations=23 (full 5):
 PSYoungGen      total 823808K, used 116708K [0x000000076ab00000, 0x00000007af980000, 0x00000007c0000000)
  eden space 566784K, 0% used [0x000000076ab00000,0x000000076ab00000,0x000000078d480000)
  from space 257024K, 45% used [0x000000079fe80000,0x00000007a7079170,0x00000007af980000)
  to   space 281088K, 0% used [0x000000078d480000,0x000000078d480000,0x000000079e700000)
 ParOldGen       total 899584K, used 736611K [0x00000006c0000000, 0x00000006f6e80000, 0x000000076ab00000)
  object space 899584K, 81% used [0x00000006c0000000,0x00000006ecf58c58,0x00000006f6e80000)
 Metaspace       used 6659K, capacity 7320K, committed 7680K, reserved 1056768K
  class space    used 627K, capacity 656K, committed 768K, reserved 1048576K
}
Event: 135.867 GC heap before
{Heap before GC invocations=24 (full 5):
 PSYoungGen      total 823808K, used 683492K [0x000000076ab00000, 0x00000007af980000, 0x00000007c0000000)
  eden space 566784K, 100% used [0x000000076ab00000,0x000000078d480000,0x000000078d480000)
  from space 257024K, 45% used [0x000000079fe80000,0x00000007a7079170,0x00000007af980000)
  to   space 281088K, 0% used [0x000000078d480000,0x000000078d480000,0x000000079e700000)
 ParOldGen       total 899584K, used 736611K [0x00000006c0000000, 0x00000006f6e80000, 0x000000076ab00000)
  object space 899584K, 81% used [0x00000006c0000000,0x00000006ecf58c58,0x00000006f6e80000)
 Metaspace       used 6659K, capacity 7320K, committed 7680K, reserved 1056768K
  class space    used 627K, capacity 656K, committed 768K, reserved 1048576K
Event: 136.269 GC heap after
Heap after GC invocations=24 (full 5):
 PSYoungGen      total 847872K, used 207891K [0x000000076ab00000, 0x00000007b4600000, 0x00000007c0000000)
  eden space 566784K, 0% used [0x000000076ab00000,0x000000076ab00000,0x000000078d480000)
  from space 281088K, 73% used [0x000000078d480000,0x0000000799f84fb0,0x000000079e700000)
  to   space 301568K, 0% used [0x00000007a1f80000,0x00000007a1f80000,0x00000007b4600000)
 ParOldGen       total 899584K, used 736611K [0x00000006c0000000, 0x00000006f6e80000, 0x000000076ab00000)
  object space 899584K, 81% used [0x00000006c0000000,0x00000006ecf58c58,0x00000006f6e80000)
 Metaspace       used 6659K, capacity 7320K, committed 7680K, reserved 1056768K
  class space    used 627K, capacity 656K, committed 768K, reserved 1048576K
}

