# JRE version: Java(TM) SE Runtime Environment (8.0_66-b18) (build 1.8.0_66-b18)
# Java VM: Java HotSpot(TM) 64-Bit Server VM (25.66-b18 mixed mode windows-amd64 compressed oops)
Heap:
 PSYoungGen      total 897536K, used 352064K [0x000000076ab00000, 0x00000007bb000000, 0x00000007c0000000)
  eden space 584704K, 22% used [0x000000076ab00000,0x0000000772ae4b18,0x000000078e600000)
  from space 312832K, 70% used [0x000000078e600000,0x000000079bdeb5a0,0x00000007a1780000)
  to   space 331264K, 0% used [0x00000007a6c80000,0x00000007a6c80000,0x00000007bb000000)
 ParOldGen       total 871936K, used 742027K [0x00000006c0000000, 0x00000006f5380000, 0x000000076ab00000)
  object space 871936K, 85% used [0x00000006c0000000,0x00000006ed4a2cc0,0x00000006f5380000)
 Metaspace       used 7466K, capacity 7896K, committed 8192K, reserved 1056768K
  class space    used 680K, capacity 720K, committed 768K, reserved 1048576K
GC Heap History (10 events):
Event: 36.586 GC heap before
{Heap before GC invocations=22 (full 5):
 PSYoungGen      total 667648K, used 638544K [0x000000076ab00000, 0x00000007aa200000, 0x00000007c0000000)
  eden space 513536K, 100% used [0x000000076ab00000,0x000000078a080000,0x000000078a080000)
  from space 154112K, 81% used [0x0000000797c80000,0x000000079f694368,0x00000007a1300000)
  to   space 225280K, 0% used [0x000000078a080000,0x000000078a080000,0x0000000797c80000)
 ParOldGen       total 871936K, used 576573K [0x00000006c0000000, 0x00000006f5380000, 0x000000076ab00000)
  object space 871936K, 66% used [0x00000006c0000000,0x00000006e330f7f8,0x00000006f5380000)
 Metaspace       used 6669K, capacity 7320K, committed 7680K, reserved 1056768K
  class space    used 628K, capacity 656K, committed 768K, reserved 1048576K
Event: 37.107 GC heap after
Heap after GC invocations=22 (full 5):
 PSYoungGen      total 738816K, used 163723K [0x000000076ab00000, 0x00000007aaa00000, 0x00000007c0000000)
  eden space 513536K, 0% used [0x000000076ab00000,0x000000076ab00000,0x000000078a080000)
  from space 225280K, 72% used [0x000000078a080000,0x0000000794062f00,0x0000000797c80000)
  to   space 241664K, 0% used [0x000000079be00000,0x000000079be00000,0x00000007aaa00000)
 ParOldGen       total 871936K, used 690695K [0x00000006c0000000, 0x00000006f5380000, 0x000000076ab00000)
  object space 871936K, 79% used [0x00000006c0000000,0x00000006ea281c10,0x00000006f5380000)
 Metaspace       used 6669K, capacity 7320K, committed 7680K, reserved 1056768K
  class space    used 628K, capacity 656K, committed 768K, reserved 1048576K
}
Event: 38.169 GC heap before
{Heap before GC invocations=23 (full 5):
 PSYoungGen      total 738816K, used 677259K [0x000000076ab00000, 0x00000007aaa00000, 0x00000007c0000000)
  eden space 513536K, 100% used [0x000000076ab00000,0x000000078a080000,0x000000078a080000)
  from space 225280K, 72% used [0x000000078a080000,0x0000000794062f00,0x0000000797c80000)
  to   space 241664K, 0% used [0x000000079be00000,0x000000079be00000,0x00000007aaa00000)
 ParOldGen       total 871936K, used 690695K [0x00000006c0000000, 0x00000006f5380000, 0x000000076ab00000)
  object space 871936K, 79% used [0x00000006c0000000,0x00000006ea281c10,0x00000006f5380000)
 Metaspace       used 6669K, capacity 7320K, committed 7680K, reserved 1056768K
  class space    used 628K, capacity 656K, committed 768K, reserved 1048576K
Event: 38.360 GC heap after
Heap after GC invocations=23 (full 5):
 PSYoungGen      total 801280K, used 142279K [0x000000076ab00000, 0x00000007ab800000, 0x00000007c0000000)
  eden space 559616K, 0% used [0x000000076ab00000,0x000000076ab00000,0x000000078cd80000)
  from space 241664K, 58% used [0x000000079be00000,0x00000007a48f1df8,0x00000007aaa00000)
  to   space 246272K, 0% used [0x000000078cd80000,0x000000078cd80000,0x000000079be00000)
 ParOldGen       total 871936K, used 690695K [0x00000006c0000000, 0x00000006f5380000, 0x000000076ab00000)
  object space 871936K, 79% used [0x00000006c0000000,0x00000006ea281c10,0x00000006f5380000)
 Metaspace       used 6669K, capacity 7320K, committed 7680K, reserved 1056768K
  class space    used 628K, capacity 656K, committed 768K, reserved 1048576K
}
Event: 39.888 GC heap before
{Heap before GC invocations=24 (full 5):
 PSYoungGen      total 801280K, used 701895K [0x000000076ab00000, 0x00000007ab800000, 0x00000007c0000000)
  eden space 559616K, 100% used [0x000000076ab00000,0x000000078cd80000,0x000000078cd80000)
  from space 241664K, 58% used [0x000000079be00000,0x00000007a48f1df8,0x00000007aaa00000)
  to   space 246272K, 0% used [0x000000078cd80000,0x000000078cd80000,0x000000079be00000)
 ParOldGen       total 871936K, used 690695K [0x00000006c0000000, 0x00000006f5380000, 0x000000076ab00000)
  object space 871936K, 79% used [0x00000006c0000000,0x00000006ea281c10,0x00000006f5380000)
 Metaspace       used 6670K, capacity 7320K, committed 7680K, reserved 1056768K
  class space    used 628K, capacity 656K, committed 768K, reserved 1048576K
Event: 40.321 GC heap after
Heap after GC invocations=24 (full 5):
 PSYoungGen      total 805888K, used 190688K [0x000000076ab00000, 0x00000007b1c80000, 0x00000007c0000000)
  eden space 559616K, 0% used [0x000000076ab00000,0x000000076ab00000,0x000000078cd80000)
  from space 246272K, 77% used [0x000000078cd80000,0x00000007987b8180,0x000000079be00000)
  to   space 267264K, 0% used [0x00000007a1780000,0x00000007a1780000,0x00000007b1c80000)
 ParOldGen       total 871936K, used 690695K [0x00000006c0000000, 0x00000006f5380000, 0x000000076ab00000)
  object space 871936K, 79% used [0x00000006c0000000,0x00000006ea281c10,0x00000006f5380000)
 Metaspace       used 6670K, capacity 7320K, committed 7680K, reserved 1056768K
  class space    used 628K, capacity 656K, committed 768K, reserved 1048576K
}
Event: 41.927 GC heap before
{Heap before GC invocations=25 (full 5):
 PSYoungGen      total 805888K, used 750304K [0x000000076ab00000, 0x00000007b1c80000, 0x00000007c0000000)
  eden space 559616K, 100% used [0x000000076ab00000,0x000000078cd80000,0x000000078cd80000)
  from space 246272K, 77% used [0x000000078cd80000,0x00000007987b8180,0x000000079be00000)
  to   space 267264K, 0% used [0x00000007a1780000,0x00000007a1780000,0x00000007b1c80000)
 ParOldGen       total 871936K, used 690695K [0x00000006c0000000, 0x00000006f5380000, 0x000000076ab00000)
  object space 871936K, 79% used [0x00000006c0000000,0x00000006ea281c10,0x00000006f5380000)
 Metaspace       used 6672K, capacity 7320K, committed 7680K, reserved 1056768K
  class space    used 629K, capacity 656K, committed 768K, reserved 1048576K
Event: 42.452 GC heap after
Heap after GC invocations=25 (full 5):
 PSYoungGen      total 851968K, used 267250K [0x000000076ab00000, 0x00000007b7e00000, 0x00000007c0000000)
  eden space 584704K, 0% used [0x000000076ab00000,0x000000076ab00000,0x000000078e600000)
  from space 267264K, 99% used [0x00000007a1780000,0x00000007b1c7ca70,0x00000007b1c80000)
  to   space 312832K, 0% used [0x000000078e600000,0x000000078e600000,0x00000007a1780000)
 ParOldGen       total 871936K, used 695289K [0x00000006c0000000, 0x00000006f5380000, 0x000000076ab00000)
  object space 871936K, 79% used [0x00000006c0000000,0x00000006ea6fe588,0x00000006f5380000)
 Metaspace       used 6672K, capacity 7320K, committed 7680K, reserved 1056768K
  class space    used 629K, capacity 656K, committed 768K, reserved 1048576K
}
Event: 100.667 GC heap before
{Heap before GC invocations=26 (full 5):
 PSYoungGen      total 851968K, used 851954K [0x000000076ab00000, 0x00000007b7e00000, 0x00000007c0000000)
  eden space 584704K, 100% used [0x000000076ab00000,0x000000078e600000,0x000000078e600000)
  from space 267264K, 99% used [0x00000007a1780000,0x00000007b1c7ca70,0x00000007b1c80000)
  to   space 312832K, 0% used [0x000000078e600000,0x000000078e600000,0x00000007a1780000)
 ParOldGen       total 871936K, used 695289K [0x00000006c0000000, 0x00000006f5380000, 0x000000076ab00000)
  object space 871936K, 79% used [0x00000006c0000000,0x00000006ea6fe588,0x00000006f5380000)
 Metaspace       used 7465K, capacity 7896K, committed 8192K, reserved 1056768K
  class space    used 680K, capacity 720K, committed 768K, reserved 1048576K
Event: 101.109 GC heap after
Heap after GC invocations=26 (full 5):
 PSYoungGen      total 897536K, used 221101K [0x000000076ab00000, 0x00000007bb000000, 0x00000007c0000000)
  eden space 584704K, 0% used [0x000000076ab00000,0x000000076ab00000,0x000000078e600000)
  from space 312832K, 70% used [0x000000078e600000,0x000000079bdeb5a0,0x00000007a1780000)
  to   space 331264K, 0% used [0x00000007a6c80000,0x00000007a6c80000,0x00000007bb000000)
 ParOldGen       total 871936K, used 742027K [0x00000006c0000000, 0x00000006f5380000, 0x000000076ab00000)
  object space 871936K, 85% used [0x00000006c0000000,0x00000006ed4a2cc0,0x00000006f5380000)
 Metaspace       used 7465K, capacity 7896K, committed 8192K, reserved 1056768K
  class space    used 680K, capacity 720K, committed 768K, reserved 1048576K
}

